ARM GAS  C:\Users\z004c8dn\AppData\Local\Temp\ccMBEas3.s 			page 1


   1              		.syntax unified
   2              		.cpu cortex-m3
   3              		.fpu softvfp
   4              		.eabi_attribute 20, 1
   5              		.eabi_attribute 21, 1
   6              		.eabi_attribute 23, 3
   7              		.eabi_attribute 24, 1
   8              		.eabi_attribute 25, 1
   9              		.eabi_attribute 26, 1
  10              		.eabi_attribute 30, 6
  11              		.eabi_attribute 34, 1
  12              		.eabi_attribute 18, 4
  13              		.thumb
  14              		.syntax unified
  15              		.file	"main.c"
  16              		.text
  17              	.Ltext0:
  18              		.cfi_sections	.debug_frame
  19              		.global	gInputSum
  20              		.bss
  21              		.align	3
  22              		.type	gInputSum, %object
  23              		.size	gInputSum, 8
  24              	gInputSum:
  25 0000 00000000 		.space	8
  25      00000000 
  26              		.global	gAverageData
  27              		.align	2
  28              		.type	gAverageData, %object
  29              		.size	gAverageData, 4
  30              	gAverageData:
  31 0008 00000000 		.space	4
  32              		.global	gSendAverage
  33              		.type	gSendAverage, %object
  34              		.size	gSendAverage, 1
  35              	gSendAverage:
  36 000c 00       		.space	1
  37              		.global	gSpiRxBuffer
  38 000d 00       		.align	1
  39              		.type	gSpiRxBuffer, %object
  40              		.size	gSpiRxBuffer, 2
  41              	gSpiRxBuffer:
  42 000e 0000     		.space	2
  43              		.section	.rodata
  44              		.align	2
  45              	.LC0:
  46 0000 434F4D20 		.ascii	"COM Port Open\015\012\000"
  46      506F7274 
  46      204F7065 
  46      6E0D0A00 
  47              		.align	2
  48              	.LC1:
  49 0010 7B0A2256 		.ascii	"{\012\"Voltage [mV]\" : %lu,\015\012 \"Temperature "
  49      6F6C7461 
  49      6765205B 
  49      6D565D22 
  49      203A2025 
ARM GAS  C:\Users\z004c8dn\AppData\Local\Temp\ccMBEas3.s 			page 2


  50 0037 5B435D22 		.ascii	"[C]\" : %hu.%hu, \015\012 \"I2C [C]\" : %i,\015\012"
  50      203A2025 
  50      68752E25 
  50      68752C20 
  50      0D0A2022 
  51 005b 20225350 		.ascii	" \"SPI [C]\":%i.%i\015\012}\015\012\000"
  51      49205B43 
  51      5D223A25 
  51      692E2569 
  51      0D0A7D0D 
  52              		.section	.text.main,"ax",%progbits
  53              		.align	2
  54              		.global	main
  55              		.thumb
  56              		.thumb_func
  57              		.type	main, %function
  58              	main:
  59              	.LFB64:
  60              		.file 1 "main.c"
   1:main.c        **** /******************************************************************************
   2:main.c        **** * File Name: main.c
   3:main.c        **** *
   4:main.c        **** * Version: 1.11
   5:main.c        **** *
   6:main.c        **** * Description: This is the source code for the ADC and UART code example.
   7:main.c        **** *
   8:main.c        **** * Related Document: CE195277_ADC_and_UART.pdf
   9:main.c        **** *
  10:main.c        **** * Hardware Dependency: See CE195277_ADC_and_UART.pdf
  11:main.c        **** *
  12:main.c        **** * Note:
  13:main.c        **** * EDITED BY: Andreas BOTH
  14:main.c        **** * DATE: 2024-04-18
  15:main.c        **** * COURSE ID:tx00db04
  16:main.c        **** * DESCRIPTION:  Added a I2C and SPI bus interface to the corresponding sensors
  17:main.c        **** *               Outputs the data in JSON format
  18:main.c        **** *
  19:main.c        **** *******************************************************************************
  20:main.c        **** * Copyright (2018-2020), Cypress Semiconductor Corporation. All rights reserved.
  21:main.c        **** *******************************************************************************
  22:main.c        **** * This software, including source code, documentation and related materials
  23:main.c        **** * (“Software”), is owned by Cypress Semiconductor Corporation or one of its
  24:main.c        **** * subsidiaries (“Cypress”) and is protected by and subject to worldwide patent
  25:main.c        **** * protection (United States and foreign), United States copyright laws and
  26:main.c        **** * international treaty provisions. Therefore, you may use this Software only
  27:main.c        **** * as provided in the license agreement accompanying the software package from
  28:main.c        **** * which you obtained this Software (“EULA”).
  29:main.c        **** *
  30:main.c        **** * If no EULA applies, Cypress hereby grants you a personal, nonexclusive,
  31:main.c        **** * non-transferable license to copy, modify, and compile the Software source
  32:main.c        **** * code solely for use in connection with Cypress’s integrated circuit products.
  33:main.c        **** * Any reproduction, modification, translation, compilation, or representation
  34:main.c        **** * of this Software except as specified above is prohibited without the express
  35:main.c        **** * written permission of Cypress.
  36:main.c        **** *
  37:main.c        **** * Disclaimer: THIS SOFTWARE IS PROVIDED AS-IS, WITH NO WARRANTY OF ANY KIND, 
  38:main.c        **** * EXPRESS OR IMPLIED, INCLUDING, BUT NOT LIMITED TO, NONINFRINGEMENT, IMPLIED 
ARM GAS  C:\Users\z004c8dn\AppData\Local\Temp\ccMBEas3.s 			page 3


  39:main.c        **** * WARRANTIES OF MERCHANTABILITY AND FITNESS FOR A PARTICULAR PURPOSE. Cypress 
  40:main.c        **** * reserves the right to make changes to the Software without notice. Cypress 
  41:main.c        **** * does not assume any liability arising out of the application or use of the 
  42:main.c        **** * Software or any product or circuit described in the Software. Cypress does 
  43:main.c        **** * not authorize its products for use in any products where a malfunction or 
  44:main.c        **** * failure of the Cypress product may reasonably be expected to result in 
  45:main.c        **** * significant property damage, injury or death (“High Risk Product”). By 
  46:main.c        **** * including Cypress’s product in a High Risk Product, the manufacturer of such 
  47:main.c        **** * system or application assumes all risk of such use and in doing so agrees to 
  48:main.c        **** * indemnify Cypress against all liability.
  49:main.c        **** *******************************************************************************/
  50:main.c        **** 
  51:main.c        **** #include <project.h>
  52:main.c        **** #include "stdio.h"
  53:main.c        **** 
  54:main.c        **** /* Project Defines */
  55:main.c        **** #define FALSE                   0
  56:main.c        **** #define TRUE                    1
  57:main.c        **** #define TRANSMIT_BUFFER_SIZE    50
  58:main.c        **** #define I2C_SLAVE_ADDRESS       0b1001010
  59:main.c        **** #define I2C_WRITE               0
  60:main.c        **** #define I2C_READ                1
  61:main.c        **** #define I2C_COMMAND_READ_TEMP    0x00
  62:main.c        **** #define SPI_OFFSET_CORRECTION   142
  63:main.c        **** #define SPI_DISCARD_BITS_MASK   0x1fff
  64:main.c        **** #define SPI_ENABLE_CS           0x00
  65:main.c        **** #define SPI_DISABLE_CS          0x01
  66:main.c        **** 
  67:main.c        **** /*Global Variables*/
  68:main.c        **** /*used to store the sum of the input over the duration of one second
  69:main.c        **** 64 Bit value that way you can add 16 Bit into it about 2^48 times*/
  70:main.c        **** volatile uint64 gInputSum = 0;
  71:main.c        **** 
  72:main.c        **** volatile uint32 gAverageData = 0;
  73:main.c        **** volatile uint8 gSendAverage = 0; //Flag set every second
  74:main.c        **** volatile uint16 gSpiRxBuffer =0;
  75:main.c        **** 
  76:main.c        **** /*******************************************************************************
  77:main.c        **** * Function Name: main
  78:main.c        **** ********************************************************************************
  79:main.c        **** *
  80:main.c        **** *
  81:main.c        **** *******************************************************************************/
  82:main.c        **** int main()
  83:main.c        **** {
  61              		.loc 1 83 0
  62              		.cfi_startproc
  63              		@ args = 0, pretend = 0, frame = 80
  64              		@ frame_needed = 1, uses_anonymous_args = 0
  65 0000 B0B5     		push	{r4, r5, r7, lr}
  66              		.cfi_def_cfa_offset 16
  67              		.cfi_offset 4, -16
  68              		.cfi_offset 5, -12
  69              		.cfi_offset 7, -8
  70              		.cfi_offset 14, -4
  71 0002 98B0     		sub	sp, sp, #96
  72              		.cfi_def_cfa_offset 112
ARM GAS  C:\Users\z004c8dn\AppData\Local\Temp\ccMBEas3.s 			page 4


  73 0004 04AF     		add	r7, sp, #16
  74              		.cfi_def_cfa 7, 96
  84:main.c        ****     /* Variable to store ADC result */
  85:main.c        ****     uint16 temperatureIntPart;      //stores the integer value of the temperature
  86:main.c        ****     uint16 temperatureDecimalPart;  //stores the decimal part of the temperature
  87:main.c        ****     
  88:main.c        ****     /*Vaeiable to store SPI result*/
  89:main.c        ****     uint16  temperatureSPIIntPart=0;
  75              		.loc 1 89 0
  76 0006 0023     		movs	r3, #0
  77 0008 A7F84E30 		strh	r3, [r7, #78]	@ movhi
  90:main.c        ****     uint16  temperatureSPIDecimalPart=0;
  78              		.loc 1 90 0
  79 000c 0023     		movs	r3, #0
  80 000e A7F84C30 		strh	r3, [r7, #76]	@ movhi
  91:main.c        ****     
  92:main.c        ****     /* Transmit Buffer */
  93:main.c        ****     char TransmitBuffer[TRANSMIT_BUFFER_SIZE];
  94:main.c        ****     uint16 TransmitDummy[2] = {0,1};
  81              		.loc 1 94 0
  82 0012 0023     		movs	r3, #0
  83 0014 BB80     		strh	r3, [r7, #4]	@ movhi
  84 0016 0123     		movs	r3, #1
  85 0018 FB80     		strh	r3, [r7, #6]	@ movhi
  95:main.c        ****     
  96:main.c        ****     /* Start the components */
  97:main.c        ****     ADC_DelSig_1_Start();
  86              		.loc 1 97 0
  87 001a FFF7FEFF 		bl	ADC_DelSig_1_Start
  98:main.c        ****     UART_1_Start();
  88              		.loc 1 98 0
  89 001e FFF7FEFF 		bl	UART_1_Start
  99:main.c        ****     I2C_Start();
  90              		.loc 1 99 0
  91 0022 FFF7FEFF 		bl	I2C_Start
 100:main.c        ****     SPI_Start();
  92              		.loc 1 100 0
  93 0026 FFF7FEFF 		bl	SPI_Start
 101:main.c        ****     
 102:main.c        ****     
 103:main.c        ****     isr_eoc_getValue_ClearPending();
  94              		.loc 1 103 0
  95 002a FFF7FEFF 		bl	isr_eoc_getValue_ClearPending
 104:main.c        ****     isr_eoc_getValue_Start();
  96              		.loc 1 104 0
  97 002e FFF7FEFF 		bl	isr_eoc_getValue_Start
 105:main.c        ****     
 106:main.c        ****     isr_averageData_ClearPending();
  98              		.loc 1 106 0
  99 0032 FFF7FEFF 		bl	isr_averageData_ClearPending
 107:main.c        ****     isr_averageData_Start();
 100              		.loc 1 107 0
 101 0036 FFF7FEFF 		bl	isr_averageData_Start
 108:main.c        ****     
 109:main.c        **** 
 110:main.c        ****     
 111:main.c        ****     CyGlobalIntEnable
ARM GAS  C:\Users\z004c8dn\AppData\Local\Temp\ccMBEas3.s 			page 5


 102              		.loc 1 111 0
 103              		.syntax unified
 104              	@ 111 "main.c" 1
 105 003a 62B6     		CPSIE   i
 106              	@ 0 "" 2
 112:main.c        ****     /* Initialize Variables */
 113:main.c        ****     gSendAverage = FALSE;
 107              		.loc 1 113 0
 108              		.thumb
 109              		.syntax unified
 110 003c 494B     		ldr	r3, .L4
 111 003e 0022     		movs	r2, #0
 112 0040 1A70     		strb	r2, [r3]
 114:main.c        ****     
 115:main.c        ****     /* Start the ADC conversion */
 116:main.c        ****     ADC_DelSig_1_StartConvert();
 113              		.loc 1 116 0
 114 0042 FFF7FEFF 		bl	ADC_DelSig_1_StartConvert
 117:main.c        ****     
 118:main.c        ****     /* Send message to verify COM port is connected properly */
 119:main.c        ****     UART_1_PutString("COM Port Open\r\n");
 115              		.loc 1 119 0
 116 0046 4848     		ldr	r0, .L4+4
 117 0048 FFF7FEFF 		bl	UART_1_PutString
 120:main.c        ****     int x;
 121:main.c        ****     uint16 spiADCValue = 0;
 118              		.loc 1 121 0
 119 004c 0023     		movs	r3, #0
 120 004e A7F84A30 		strh	r3, [r7, #74]	@ movhi
 122:main.c        ****     SPI_SS_Write(0x01);
 121              		.loc 1 122 0
 122 0052 0120     		movs	r0, #1
 123 0054 FFF7FEFF 		bl	SPI_SS_Write
 123:main.c        ****     int SPI_flag=0;
 124              		.loc 1 123 0
 125 0058 0023     		movs	r3, #0
 126 005a 7B64     		str	r3, [r7, #68]
 127              	.L3:
 124:main.c        ****     for(;;)
 125:main.c        ****     {         
 126:main.c        ****             if(gSendAverage)
 128              		.loc 1 126 0
 129 005c 414B     		ldr	r3, .L4
 130 005e 1B78     		ldrb	r3, [r3]
 131 0060 DBB2     		uxtb	r3, r3
 132 0062 002B     		cmp	r3, #0
 133 0064 FAD0     		beq	.L3
 127:main.c        ****             {
 128:main.c        ****              /* Format ADC result for transmition */
 129:main.c        ****              CyGlobalIntDisable
 134              		.loc 1 129 0
 135              		.syntax unified
 136              	@ 129 "main.c" 1
 137 0066 72B6     		CPSID   i
 138              	@ 0 "" 2
 130:main.c        ****             //I2C
 131:main.c        ****             I2C_MasterSendStart(I2C_SLAVE_ADDRESS,I2C_WRITE);   //initiates transmission with I2C s
ARM GAS  C:\Users\z004c8dn\AppData\Local\Temp\ccMBEas3.s 			page 6


 139              		.loc 1 131 0
 140              		.thumb
 141              		.syntax unified
 142 0068 0021     		movs	r1, #0
 143 006a 4A20     		movs	r0, #74
 144 006c FFF7FEFF 		bl	I2C_MasterSendStart
 132:main.c        ****             I2C_MasterWriteByte(I2C_COMMAND_READ_TEMP);         //writes command byte of the I2C de
 145              		.loc 1 132 0
 146 0070 0020     		movs	r0, #0
 147 0072 FFF7FEFF 		bl	I2C_MasterWriteByte
 133:main.c        ****             I2C_MasterSendRestart(I2C_SLAVE_ADDRESS,I2C_READ);  //innitiates read
 148              		.loc 1 133 0
 149 0076 0121     		movs	r1, #1
 150 0078 4A20     		movs	r0, #74
 151 007a FFF7FEFF 		bl	I2C_MasterSendRestart
 134:main.c        ****             x= I2C_MasterReadByte(I2C_ACK_DATA);                //read and ACK
 152              		.loc 1 134 0
 153 007e 0120     		movs	r0, #1
 154 0080 FFF7FEFF 		bl	I2C_MasterReadByte
 155 0084 0346     		mov	r3, r0
 156 0086 3B64     		str	r3, [r7, #64]
 135:main.c        ****             I2C_MasterSendStop();                               //stop transmission
 157              		.loc 1 135 0
 158 0088 FFF7FEFF 		bl	I2C_MasterSendStop
 136:main.c        ****             
 137:main.c        ****             //SPI
 138:main.c        ****             SPI_ClearRxBuffer();                                //clear all buffers
 159              		.loc 1 138 0
 160 008c FFF7FEFF 		bl	SPI_ClearRxBuffer
 139:main.c        ****             SPI_ClearTxBuffer();
 161              		.loc 1 139 0
 162 0090 FFF7FEFF 		bl	SPI_ClearTxBuffer
 140:main.c        ****             SPI_ClearFIFO();
 163              		.loc 1 140 0
 164 0094 FFF7FEFF 		bl	SPI_ClearFIFO
 141:main.c        ****             SPI_SS_Write(SPI_ENABLE_CS);                        //enable external ADC and start con
 165              		.loc 1 141 0
 166 0098 0020     		movs	r0, #0
 167 009a FFF7FEFF 		bl	SPI_SS_Write
 142:main.c        ****             SPI_PutArray(TransmitDummy,2);                      //transmit dummy data to start SCKL
 168              		.loc 1 142 0
 169 009e 3B1D     		adds	r3, r7, #4
 170 00a0 0221     		movs	r1, #2
 171 00a2 1846     		mov	r0, r3
 172 00a4 FFF7FEFF 		bl	SPI_PutArray
 143:main.c        ****             gSpiRxBuffer= SPI_ReadRxData();                     //reads bus data
 173              		.loc 1 143 0
 174 00a8 FFF7FEFF 		bl	SPI_ReadRxData
 175 00ac 0346     		mov	r3, r0
 176 00ae 1A46     		mov	r2, r3
 177 00b0 2E4B     		ldr	r3, .L4+8
 178 00b2 1A80     		strh	r2, [r3]	@ movhi
 144:main.c        ****             SPI_SS_Write(SPI_DISABLE_CS);                       //disables external ADC
 179              		.loc 1 144 0
 180 00b4 0120     		movs	r0, #1
 181 00b6 FFF7FEFF 		bl	SPI_SS_Write
 145:main.c        ****             gSpiRxBuffer = gSpiRxBuffer&SPI_DISCARD_BITS_MASK;  //removes the first 4 bits of the I
ARM GAS  C:\Users\z004c8dn\AppData\Local\Temp\ccMBEas3.s 			page 7


 182              		.loc 1 145 0
 183 00ba 2C4B     		ldr	r3, .L4+8
 184 00bc 1B88     		ldrh	r3, [r3]	@ movhi
 185 00be 9BB2     		uxth	r3, r3
 186 00c0 C3F30C03 		ubfx	r3, r3, #0, #13
 187 00c4 9AB2     		uxth	r2, r3
 188 00c6 294B     		ldr	r3, .L4+8
 189 00c8 1A80     		strh	r2, [r3]	@ movhi
 146:main.c        ****                                                                 //they do not contain a defined sta
 147:main.c        ****                                                                 //(see datasheet MCP3201)
 148:main.c        ****             spiADCValue = gSpiRxBuffer-SPI_OFFSET_CORRECTION;
 190              		.loc 1 148 0
 191 00ca 284B     		ldr	r3, .L4+8
 192 00cc 1B88     		ldrh	r3, [r3]	@ movhi
 193 00ce 9BB2     		uxth	r3, r3
 194 00d0 8E3B     		subs	r3, r3, #142
 195 00d2 A7F84A30 		strh	r3, [r7, #74]	@ movhi
 149:main.c        ****             
 150:main.c        ****             
 151:main.c        ****             /* format output to JSON*/
 152:main.c        ****             temperatureIntPart     = gAverageData / 10;     //drops the decimal part of the tempera
 196              		.loc 1 152 0
 197 00d6 264B     		ldr	r3, .L4+12
 198 00d8 1B68     		ldr	r3, [r3]
 199 00da 264A     		ldr	r2, .L4+16
 200 00dc A2FB0323 		umull	r2, r3, r2, r3
 201 00e0 DB08     		lsrs	r3, r3, #3
 202 00e2 FB87     		strh	r3, [r7, #62]	@ movhi
 153:main.c        ****             temperatureDecimalPart = gAverageData % 10;     //drops the integer part of the tempera
 203              		.loc 1 153 0
 204 00e4 224B     		ldr	r3, .L4+12
 205 00e6 1968     		ldr	r1, [r3]
 206 00e8 224B     		ldr	r3, .L4+16
 207 00ea A3FB0123 		umull	r2, r3, r3, r1
 208 00ee DA08     		lsrs	r2, r3, #3
 209 00f0 1346     		mov	r3, r2
 210 00f2 9B00     		lsls	r3, r3, #2
 211 00f4 1344     		add	r3, r3, r2
 212 00f6 5B00     		lsls	r3, r3, #1
 213 00f8 CA1A     		subs	r2, r1, r3
 214 00fa 1346     		mov	r3, r2	@ movhi
 215 00fc BB87     		strh	r3, [r7, #60]	@ movhi
 154:main.c        ****             temperatureSPIIntPart = spiADCValue / 10;       //drops the decimal part of the tempera
 216              		.loc 1 154 0
 217 00fe B7F84A30 		ldrh	r3, [r7, #74]
 218 0102 1C4A     		ldr	r2, .L4+16
 219 0104 A2FB0323 		umull	r2, r3, r2, r3
 220 0108 DB08     		lsrs	r3, r3, #3
 221 010a A7F84E30 		strh	r3, [r7, #78]	@ movhi
 155:main.c        ****             temperatureSPIDecimalPart = spiADCValue % 10;   //drops the integer part of the tempera
 222              		.loc 1 155 0
 223 010e B7F84A20 		ldrh	r2, [r7, #74]
 224 0112 184B     		ldr	r3, .L4+16
 225 0114 A3FB0213 		umull	r1, r3, r3, r2
 226 0118 D908     		lsrs	r1, r3, #3
 227 011a 0B46     		mov	r3, r1
 228 011c 9B00     		lsls	r3, r3, #2
ARM GAS  C:\Users\z004c8dn\AppData\Local\Temp\ccMBEas3.s 			page 8


 229 011e 0B44     		add	r3, r3, r1
 230 0120 5B00     		lsls	r3, r3, #1
 231 0122 D31A     		subs	r3, r2, r3
 232 0124 A7F84C30 		strh	r3, [r7, #76]	@ movhi
 156:main.c        ****             
 157:main.c        ****             sprintf(TransmitBuffer, "{\n\"Voltage [mV]\" : %lu,\r\n \"Temperature [C]\" : %hu.%hu, 
 233              		.loc 1 157 0
 234 0128 114B     		ldr	r3, .L4+12
 235 012a 1C68     		ldr	r4, [r3]
 236 012c FD8F     		ldrh	r5, [r7, #62]
 237 012e BB8F     		ldrh	r3, [r7, #60]
 238 0130 B7F84E20 		ldrh	r2, [r7, #78]
 239 0134 B7F84C10 		ldrh	r1, [r7, #76]
 240 0138 07F10800 		add	r0, r7, #8
 241 013c 0391     		str	r1, [sp, #12]
 242 013e 0292     		str	r2, [sp, #8]
 243 0140 3A6C     		ldr	r2, [r7, #64]
 244 0142 0192     		str	r2, [sp, #4]
 245 0144 0093     		str	r3, [sp]
 246 0146 2B46     		mov	r3, r5
 247 0148 2246     		mov	r2, r4
 248 014a 0B49     		ldr	r1, .L4+20
 249 014c FFF7FEFF 		bl	sprintf
 158:main.c        ****              
 159:main.c        ****             
 160:main.c        ****             
 161:main.c        ****              /* Send out the data */
 162:main.c        ****              UART_1_PutString(TransmitBuffer);
 250              		.loc 1 162 0
 251 0150 07F10803 		add	r3, r7, #8
 252 0154 1846     		mov	r0, r3
 253 0156 FFF7FEFF 		bl	UART_1_PutString
 163:main.c        ****            
 164:main.c        ****              
 165:main.c        ****             CyGlobalIntEnable
 254              		.loc 1 165 0
 255              		.syntax unified
 256              	@ 165 "main.c" 1
 257 015a 62B6     		CPSIE   i
 258              	@ 0 "" 2
 166:main.c        ****             
 167:main.c        ****             
 168:main.c        ****             /* Reset the sendAverage flag */
 169:main.c        ****             gSendAverage = FALSE;
 259              		.loc 1 169 0
 260              		.thumb
 261              		.syntax unified
 262 015c 014B     		ldr	r3, .L4
 263 015e 0022     		movs	r2, #0
 264 0160 1A70     		strb	r2, [r3]
 170:main.c        ****         }        
 171:main.c        ****     }
 265              		.loc 1 171 0
 266 0162 7BE7     		b	.L3
 267              	.L5:
 268              		.align	2
 269              	.L4:
ARM GAS  C:\Users\z004c8dn\AppData\Local\Temp\ccMBEas3.s 			page 9


 270 0164 00000000 		.word	gSendAverage
 271 0168 00000000 		.word	.LC0
 272 016c 00000000 		.word	gSpiRxBuffer
 273 0170 00000000 		.word	gAverageData
 274 0174 CDCCCCCC 		.word	-858993459
 275 0178 10000000 		.word	.LC1
 276              		.cfi_endproc
 277              	.LFE64:
 278              		.size	main, .-main
 279              		.text
 280              	.Letext0:
 281              		.file 2 "c:\\program files (x86)\\cypress\\psoc creator\\4.4\\psoc creator\\import\\gnu\\arm\\5.4.
 282              		.file 3 "c:\\program files (x86)\\cypress\\psoc creator\\4.4\\psoc creator\\import\\gnu\\arm\\5.4.
 283              		.file 4 "Generated_Source\\PSoC5/cytypes.h"
 284              		.file 5 "Generated_Source\\PSoC5/core_cm3.h"
 285              		.section	.debug_info,"",%progbits
 286              	.Ldebug_info0:
 287 0000 F2010000 		.4byte	0x1f2
 288 0004 0400     		.2byte	0x4
 289 0006 00000000 		.4byte	.Ldebug_abbrev0
 290 000a 04       		.byte	0x4
 291 000b 01       		.uleb128 0x1
 292 000c 1A000000 		.4byte	.LASF33
 293 0010 0C       		.byte	0xc
 294 0011 C8010000 		.4byte	.LASF34
 295 0015 F8010000 		.4byte	.LASF35
 296 0019 00000000 		.4byte	.Ldebug_ranges0+0
 297 001d 00000000 		.4byte	0
 298 0021 00000000 		.4byte	.Ldebug_line0
 299 0025 02       		.uleb128 0x2
 300 0026 01       		.byte	0x1
 301 0027 06       		.byte	0x6
 302 0028 A3020000 		.4byte	.LASF0
 303 002c 02       		.uleb128 0x2
 304 002d 01       		.byte	0x1
 305 002e 08       		.byte	0x8
 306 002f CC000000 		.4byte	.LASF1
 307 0033 02       		.uleb128 0x2
 308 0034 02       		.byte	0x2
 309 0035 05       		.byte	0x5
 310 0036 6B020000 		.4byte	.LASF2
 311 003a 02       		.uleb128 0x2
 312 003b 02       		.byte	0x2
 313 003c 07       		.byte	0x7
 314 003d 03010000 		.4byte	.LASF3
 315 0041 03       		.uleb128 0x3
 316 0042 B5000000 		.4byte	.LASF9
 317 0046 02       		.byte	0x2
 318 0047 3F       		.byte	0x3f
 319 0048 4C000000 		.4byte	0x4c
 320 004c 02       		.uleb128 0x2
 321 004d 04       		.byte	0x4
 322 004e 05       		.byte	0x5
 323 004f 7B020000 		.4byte	.LASF4
 324 0053 02       		.uleb128 0x2
 325 0054 04       		.byte	0x4
 326 0055 07       		.byte	0x7
ARM GAS  C:\Users\z004c8dn\AppData\Local\Temp\ccMBEas3.s 			page 10


 327 0056 E3000000 		.4byte	.LASF5
 328 005a 02       		.uleb128 0x2
 329 005b 08       		.byte	0x8
 330 005c 05       		.byte	0x5
 331 005d BA010000 		.4byte	.LASF6
 332 0061 02       		.uleb128 0x2
 333 0062 08       		.byte	0x8
 334 0063 07       		.byte	0x7
 335 0064 76010000 		.4byte	.LASF7
 336 0068 04       		.uleb128 0x4
 337 0069 04       		.byte	0x4
 338 006a 05       		.byte	0x5
 339 006b 696E7400 		.ascii	"int\000"
 340 006f 02       		.uleb128 0x2
 341 0070 04       		.byte	0x4
 342 0071 07       		.byte	0x7
 343 0072 69010000 		.4byte	.LASF8
 344 0076 03       		.uleb128 0x3
 345 0077 9A010000 		.4byte	.LASF10
 346 007b 03       		.byte	0x3
 347 007c 2C       		.byte	0x2c
 348 007d 41000000 		.4byte	0x41
 349 0081 05       		.uleb128 0x5
 350 0082 75020000 		.4byte	.LASF11
 351 0086 04       		.byte	0x4
 352 0087 E801     		.2byte	0x1e8
 353 0089 2C000000 		.4byte	0x2c
 354 008d 05       		.uleb128 0x5
 355 008e 56010000 		.4byte	.LASF12
 356 0092 04       		.byte	0x4
 357 0093 E901     		.2byte	0x1e9
 358 0095 3A000000 		.4byte	0x3a
 359 0099 05       		.uleb128 0x5
 360 009a 5D010000 		.4byte	.LASF13
 361 009e 04       		.byte	0x4
 362 009f EA01     		.2byte	0x1ea
 363 00a1 53000000 		.4byte	0x53
 364 00a5 02       		.uleb128 0x2
 365 00a6 04       		.byte	0x4
 366 00a7 04       		.byte	0x4
 367 00a8 C6000000 		.4byte	.LASF14
 368 00ac 02       		.uleb128 0x2
 369 00ad 08       		.byte	0x8
 370 00ae 04       		.byte	0x4
 371 00af 39010000 		.4byte	.LASF15
 372 00b3 05       		.uleb128 0x5
 373 00b4 BF000000 		.4byte	.LASF16
 374 00b8 04       		.byte	0x4
 375 00b9 F401     		.2byte	0x1f4
 376 00bb 61000000 		.4byte	0x61
 377 00bf 02       		.uleb128 0x2
 378 00c0 01       		.byte	0x1
 379 00c1 08       		.byte	0x8
 380 00c2 CF010000 		.4byte	.LASF17
 381 00c6 06       		.uleb128 0x6
 382 00c7 81000000 		.4byte	0x81
 383 00cb 06       		.uleb128 0x6
ARM GAS  C:\Users\z004c8dn\AppData\Local\Temp\ccMBEas3.s 			page 11


 384 00cc 8D000000 		.4byte	0x8d
 385 00d0 06       		.uleb128 0x6
 386 00d1 99000000 		.4byte	0x99
 387 00d5 02       		.uleb128 0x2
 388 00d6 08       		.byte	0x8
 389 00d7 04       		.byte	0x4
 390 00d8 84020000 		.4byte	.LASF18
 391 00dc 02       		.uleb128 0x2
 392 00dd 04       		.byte	0x4
 393 00de 07       		.byte	0x7
 394 00df B1010000 		.4byte	.LASF19
 395 00e3 07       		.uleb128 0x7
 396 00e4 64010000 		.4byte	.LASF36
 397 00e8 01       		.byte	0x1
 398 00e9 52       		.byte	0x52
 399 00ea 68000000 		.4byte	0x68
 400 00ee 00000000 		.4byte	.LFB64
 401 00f2 7C010000 		.4byte	.LFE64-.LFB64
 402 00f6 01       		.uleb128 0x1
 403 00f7 9C       		.byte	0x9c
 404 00f8 7B010000 		.4byte	0x17b
 405 00fc 08       		.uleb128 0x8
 406 00fd 90020000 		.4byte	.LASF20
 407 0101 01       		.byte	0x1
 408 0102 55       		.byte	0x55
 409 0103 8D000000 		.4byte	0x8d
 410 0107 02       		.uleb128 0x2
 411 0108 91       		.byte	0x91
 412 0109 5E       		.sleb128 -34
 413 010a 08       		.uleb128 0x8
 414 010b D4010000 		.4byte	.LASF21
 415 010f 01       		.byte	0x1
 416 0110 56       		.byte	0x56
 417 0111 8D000000 		.4byte	0x8d
 418 0115 02       		.uleb128 0x2
 419 0116 91       		.byte	0x91
 420 0117 5C       		.sleb128 -36
 421 0118 08       		.uleb128 0x8
 422 0119 23010000 		.4byte	.LASF22
 423 011d 01       		.byte	0x1
 424 011e 59       		.byte	0x59
 425 011f 8D000000 		.4byte	0x8d
 426 0123 02       		.uleb128 0x2
 427 0124 91       		.byte	0x91
 428 0125 6E       		.sleb128 -18
 429 0126 08       		.uleb128 0x8
 430 0127 00000000 		.4byte	.LASF23
 431 012b 01       		.byte	0x1
 432 012c 5A       		.byte	0x5a
 433 012d 8D000000 		.4byte	0x8d
 434 0131 02       		.uleb128 0x2
 435 0132 91       		.byte	0x91
 436 0133 6C       		.sleb128 -20
 437 0134 08       		.uleb128 0x8
 438 0135 A2010000 		.4byte	.LASF24
 439 0139 01       		.byte	0x1
 440 013a 5D       		.byte	0x5d
ARM GAS  C:\Users\z004c8dn\AppData\Local\Temp\ccMBEas3.s 			page 12


 441 013b 7B010000 		.4byte	0x17b
 442 013f 03       		.uleb128 0x3
 443 0140 91       		.byte	0x91
 444 0141 A87F     		.sleb128 -88
 445 0143 08       		.uleb128 0x8
 446 0144 F5000000 		.4byte	.LASF25
 447 0148 01       		.byte	0x1
 448 0149 5E       		.byte	0x5e
 449 014a 8B010000 		.4byte	0x18b
 450 014e 03       		.uleb128 0x3
 451 014f 91       		.byte	0x91
 452 0150 A47F     		.sleb128 -92
 453 0152 09       		.uleb128 0x9
 454 0153 7800     		.ascii	"x\000"
 455 0155 01       		.byte	0x1
 456 0156 78       		.byte	0x78
 457 0157 68000000 		.4byte	0x68
 458 015b 02       		.uleb128 0x2
 459 015c 91       		.byte	0x91
 460 015d 60       		.sleb128 -32
 461 015e 08       		.uleb128 0x8
 462 015f 40010000 		.4byte	.LASF26
 463 0163 01       		.byte	0x1
 464 0164 79       		.byte	0x79
 465 0165 8D000000 		.4byte	0x8d
 466 0169 02       		.uleb128 0x2
 467 016a 91       		.byte	0x91
 468 016b 6A       		.sleb128 -22
 469 016c 08       		.uleb128 0x8
 470 016d DA000000 		.4byte	.LASF27
 471 0171 01       		.byte	0x1
 472 0172 7B       		.byte	0x7b
 473 0173 68000000 		.4byte	0x68
 474 0177 02       		.uleb128 0x2
 475 0178 91       		.byte	0x91
 476 0179 64       		.sleb128 -28
 477 017a 00       		.byte	0
 478 017b 0A       		.uleb128 0xa
 479 017c BF000000 		.4byte	0xbf
 480 0180 8B010000 		.4byte	0x18b
 481 0184 0B       		.uleb128 0xb
 482 0185 DC000000 		.4byte	0xdc
 483 0189 31       		.byte	0x31
 484 018a 00       		.byte	0
 485 018b 0A       		.uleb128 0xa
 486 018c 8D000000 		.4byte	0x8d
 487 0190 9B010000 		.4byte	0x19b
 488 0194 0B       		.uleb128 0xb
 489 0195 DC000000 		.4byte	0xdc
 490 0199 01       		.byte	0x1
 491 019a 00       		.byte	0
 492 019b 0C       		.uleb128 0xc
 493 019c 16010000 		.4byte	.LASF28
 494 01a0 05       		.byte	0x5
 495 01a1 1207     		.2byte	0x712
 496 01a3 A7010000 		.4byte	0x1a7
 497 01a7 06       		.uleb128 0x6
ARM GAS  C:\Users\z004c8dn\AppData\Local\Temp\ccMBEas3.s 			page 13


 498 01a8 76000000 		.4byte	0x76
 499 01ac 0D       		.uleb128 0xd
 500 01ad 4C010000 		.4byte	.LASF29
 501 01b1 01       		.byte	0x1
 502 01b2 46       		.byte	0x46
 503 01b3 BD010000 		.4byte	0x1bd
 504 01b7 05       		.uleb128 0x5
 505 01b8 03       		.byte	0x3
 506 01b9 00000000 		.4byte	gInputSum
 507 01bd 06       		.uleb128 0x6
 508 01be B3000000 		.4byte	0xb3
 509 01c2 0D       		.uleb128 0xd
 510 01c3 EB010000 		.4byte	.LASF30
 511 01c7 01       		.byte	0x1
 512 01c8 48       		.byte	0x48
 513 01c9 D0000000 		.4byte	0xd0
 514 01cd 05       		.uleb128 0x5
 515 01ce 03       		.byte	0x3
 516 01cf 00000000 		.4byte	gAverageData
 517 01d3 0D       		.uleb128 0xd
 518 01d4 8D010000 		.4byte	.LASF31
 519 01d8 01       		.byte	0x1
 520 01d9 49       		.byte	0x49
 521 01da C6000000 		.4byte	0xc6
 522 01de 05       		.uleb128 0x5
 523 01df 03       		.byte	0x3
 524 01e0 00000000 		.4byte	gSendAverage
 525 01e4 0D       		.uleb128 0xd
 526 01e5 A8000000 		.4byte	.LASF32
 527 01e9 01       		.byte	0x1
 528 01ea 4A       		.byte	0x4a
 529 01eb CB000000 		.4byte	0xcb
 530 01ef 05       		.uleb128 0x5
 531 01f0 03       		.byte	0x3
 532 01f1 00000000 		.4byte	gSpiRxBuffer
 533 01f5 00       		.byte	0
 534              		.section	.debug_abbrev,"",%progbits
 535              	.Ldebug_abbrev0:
 536 0000 01       		.uleb128 0x1
 537 0001 11       		.uleb128 0x11
 538 0002 01       		.byte	0x1
 539 0003 25       		.uleb128 0x25
 540 0004 0E       		.uleb128 0xe
 541 0005 13       		.uleb128 0x13
 542 0006 0B       		.uleb128 0xb
 543 0007 03       		.uleb128 0x3
 544 0008 0E       		.uleb128 0xe
 545 0009 1B       		.uleb128 0x1b
 546 000a 0E       		.uleb128 0xe
 547 000b 55       		.uleb128 0x55
 548 000c 17       		.uleb128 0x17
 549 000d 11       		.uleb128 0x11
 550 000e 01       		.uleb128 0x1
 551 000f 10       		.uleb128 0x10
 552 0010 17       		.uleb128 0x17
 553 0011 00       		.byte	0
 554 0012 00       		.byte	0
ARM GAS  C:\Users\z004c8dn\AppData\Local\Temp\ccMBEas3.s 			page 14


 555 0013 02       		.uleb128 0x2
 556 0014 24       		.uleb128 0x24
 557 0015 00       		.byte	0
 558 0016 0B       		.uleb128 0xb
 559 0017 0B       		.uleb128 0xb
 560 0018 3E       		.uleb128 0x3e
 561 0019 0B       		.uleb128 0xb
 562 001a 03       		.uleb128 0x3
 563 001b 0E       		.uleb128 0xe
 564 001c 00       		.byte	0
 565 001d 00       		.byte	0
 566 001e 03       		.uleb128 0x3
 567 001f 16       		.uleb128 0x16
 568 0020 00       		.byte	0
 569 0021 03       		.uleb128 0x3
 570 0022 0E       		.uleb128 0xe
 571 0023 3A       		.uleb128 0x3a
 572 0024 0B       		.uleb128 0xb
 573 0025 3B       		.uleb128 0x3b
 574 0026 0B       		.uleb128 0xb
 575 0027 49       		.uleb128 0x49
 576 0028 13       		.uleb128 0x13
 577 0029 00       		.byte	0
 578 002a 00       		.byte	0
 579 002b 04       		.uleb128 0x4
 580 002c 24       		.uleb128 0x24
 581 002d 00       		.byte	0
 582 002e 0B       		.uleb128 0xb
 583 002f 0B       		.uleb128 0xb
 584 0030 3E       		.uleb128 0x3e
 585 0031 0B       		.uleb128 0xb
 586 0032 03       		.uleb128 0x3
 587 0033 08       		.uleb128 0x8
 588 0034 00       		.byte	0
 589 0035 00       		.byte	0
 590 0036 05       		.uleb128 0x5
 591 0037 16       		.uleb128 0x16
 592 0038 00       		.byte	0
 593 0039 03       		.uleb128 0x3
 594 003a 0E       		.uleb128 0xe
 595 003b 3A       		.uleb128 0x3a
 596 003c 0B       		.uleb128 0xb
 597 003d 3B       		.uleb128 0x3b
 598 003e 05       		.uleb128 0x5
 599 003f 49       		.uleb128 0x49
 600 0040 13       		.uleb128 0x13
 601 0041 00       		.byte	0
 602 0042 00       		.byte	0
 603 0043 06       		.uleb128 0x6
 604 0044 35       		.uleb128 0x35
 605 0045 00       		.byte	0
 606 0046 49       		.uleb128 0x49
 607 0047 13       		.uleb128 0x13
 608 0048 00       		.byte	0
 609 0049 00       		.byte	0
 610 004a 07       		.uleb128 0x7
 611 004b 2E       		.uleb128 0x2e
ARM GAS  C:\Users\z004c8dn\AppData\Local\Temp\ccMBEas3.s 			page 15


 612 004c 01       		.byte	0x1
 613 004d 3F       		.uleb128 0x3f
 614 004e 19       		.uleb128 0x19
 615 004f 03       		.uleb128 0x3
 616 0050 0E       		.uleb128 0xe
 617 0051 3A       		.uleb128 0x3a
 618 0052 0B       		.uleb128 0xb
 619 0053 3B       		.uleb128 0x3b
 620 0054 0B       		.uleb128 0xb
 621 0055 49       		.uleb128 0x49
 622 0056 13       		.uleb128 0x13
 623 0057 11       		.uleb128 0x11
 624 0058 01       		.uleb128 0x1
 625 0059 12       		.uleb128 0x12
 626 005a 06       		.uleb128 0x6
 627 005b 40       		.uleb128 0x40
 628 005c 18       		.uleb128 0x18
 629 005d 9642     		.uleb128 0x2116
 630 005f 19       		.uleb128 0x19
 631 0060 01       		.uleb128 0x1
 632 0061 13       		.uleb128 0x13
 633 0062 00       		.byte	0
 634 0063 00       		.byte	0
 635 0064 08       		.uleb128 0x8
 636 0065 34       		.uleb128 0x34
 637 0066 00       		.byte	0
 638 0067 03       		.uleb128 0x3
 639 0068 0E       		.uleb128 0xe
 640 0069 3A       		.uleb128 0x3a
 641 006a 0B       		.uleb128 0xb
 642 006b 3B       		.uleb128 0x3b
 643 006c 0B       		.uleb128 0xb
 644 006d 49       		.uleb128 0x49
 645 006e 13       		.uleb128 0x13
 646 006f 02       		.uleb128 0x2
 647 0070 18       		.uleb128 0x18
 648 0071 00       		.byte	0
 649 0072 00       		.byte	0
 650 0073 09       		.uleb128 0x9
 651 0074 34       		.uleb128 0x34
 652 0075 00       		.byte	0
 653 0076 03       		.uleb128 0x3
 654 0077 08       		.uleb128 0x8
 655 0078 3A       		.uleb128 0x3a
 656 0079 0B       		.uleb128 0xb
 657 007a 3B       		.uleb128 0x3b
 658 007b 0B       		.uleb128 0xb
 659 007c 49       		.uleb128 0x49
 660 007d 13       		.uleb128 0x13
 661 007e 02       		.uleb128 0x2
 662 007f 18       		.uleb128 0x18
 663 0080 00       		.byte	0
 664 0081 00       		.byte	0
 665 0082 0A       		.uleb128 0xa
 666 0083 01       		.uleb128 0x1
 667 0084 01       		.byte	0x1
 668 0085 49       		.uleb128 0x49
ARM GAS  C:\Users\z004c8dn\AppData\Local\Temp\ccMBEas3.s 			page 16


 669 0086 13       		.uleb128 0x13
 670 0087 01       		.uleb128 0x1
 671 0088 13       		.uleb128 0x13
 672 0089 00       		.byte	0
 673 008a 00       		.byte	0
 674 008b 0B       		.uleb128 0xb
 675 008c 21       		.uleb128 0x21
 676 008d 00       		.byte	0
 677 008e 49       		.uleb128 0x49
 678 008f 13       		.uleb128 0x13
 679 0090 2F       		.uleb128 0x2f
 680 0091 0B       		.uleb128 0xb
 681 0092 00       		.byte	0
 682 0093 00       		.byte	0
 683 0094 0C       		.uleb128 0xc
 684 0095 34       		.uleb128 0x34
 685 0096 00       		.byte	0
 686 0097 03       		.uleb128 0x3
 687 0098 0E       		.uleb128 0xe
 688 0099 3A       		.uleb128 0x3a
 689 009a 0B       		.uleb128 0xb
 690 009b 3B       		.uleb128 0x3b
 691 009c 05       		.uleb128 0x5
 692 009d 49       		.uleb128 0x49
 693 009e 13       		.uleb128 0x13
 694 009f 3F       		.uleb128 0x3f
 695 00a0 19       		.uleb128 0x19
 696 00a1 3C       		.uleb128 0x3c
 697 00a2 19       		.uleb128 0x19
 698 00a3 00       		.byte	0
 699 00a4 00       		.byte	0
 700 00a5 0D       		.uleb128 0xd
 701 00a6 34       		.uleb128 0x34
 702 00a7 00       		.byte	0
 703 00a8 03       		.uleb128 0x3
 704 00a9 0E       		.uleb128 0xe
 705 00aa 3A       		.uleb128 0x3a
 706 00ab 0B       		.uleb128 0xb
 707 00ac 3B       		.uleb128 0x3b
 708 00ad 0B       		.uleb128 0xb
 709 00ae 49       		.uleb128 0x49
 710 00af 13       		.uleb128 0x13
 711 00b0 3F       		.uleb128 0x3f
 712 00b1 19       		.uleb128 0x19
 713 00b2 02       		.uleb128 0x2
 714 00b3 18       		.uleb128 0x18
 715 00b4 00       		.byte	0
 716 00b5 00       		.byte	0
 717 00b6 00       		.byte	0
 718              		.section	.debug_aranges,"",%progbits
 719 0000 1C000000 		.4byte	0x1c
 720 0004 0200     		.2byte	0x2
 721 0006 00000000 		.4byte	.Ldebug_info0
 722 000a 04       		.byte	0x4
 723 000b 00       		.byte	0
 724 000c 0000     		.2byte	0
 725 000e 0000     		.2byte	0
ARM GAS  C:\Users\z004c8dn\AppData\Local\Temp\ccMBEas3.s 			page 17


 726 0010 00000000 		.4byte	.LFB64
 727 0014 7C010000 		.4byte	.LFE64-.LFB64
 728 0018 00000000 		.4byte	0
 729 001c 00000000 		.4byte	0
 730              		.section	.debug_ranges,"",%progbits
 731              	.Ldebug_ranges0:
 732 0000 00000000 		.4byte	.LFB64
 733 0004 7C010000 		.4byte	.LFE64
 734 0008 00000000 		.4byte	0
 735 000c 00000000 		.4byte	0
 736              		.section	.debug_line,"",%progbits
 737              	.Ldebug_line0:
 738 0000 8E010000 		.section	.debug_str,"MS",%progbits,1
 738      02004C01 
 738      00000201 
 738      FB0E0D00 
 738      01010101 
 739              	.LASF23:
 740 0000 74656D70 		.ascii	"temperatureSPIDecimalPart\000"
 740      65726174 
 740      75726553 
 740      50494465 
 740      63696D61 
 741              	.LASF33:
 742 001a 474E5520 		.ascii	"GNU C11 5.4.1 20160609 (release) [ARM/embedded-5-br"
 742      43313120 
 742      352E342E 
 742      31203230 
 742      31363036 
 743 004d 616E6368 		.ascii	"anch revision 237715] -mcpu=cortex-m3 -mthumb -g -O"
 743      20726576 
 743      6973696F 
 743      6E203233 
 743      37373135 
 744 0080 30202D66 		.ascii	"0 -ffunction-sections -ffat-lto-objects\000"
 744      66756E63 
 744      74696F6E 
 744      2D736563 
 744      74696F6E 
 745              	.LASF32:
 746 00a8 67537069 		.ascii	"gSpiRxBuffer\000"
 746      52784275 
 746      66666572 
 746      00
 747              	.LASF9:
 748 00b5 5F5F696E 		.ascii	"__int32_t\000"
 748      7433325F 
 748      7400
 749              	.LASF16:
 750 00bf 75696E74 		.ascii	"uint64\000"
 750      363400
 751              	.LASF14:
 752 00c6 666C6F61 		.ascii	"float\000"
 752      7400
 753              	.LASF1:
 754 00cc 756E7369 		.ascii	"unsigned char\000"
 754      676E6564 
ARM GAS  C:\Users\z004c8dn\AppData\Local\Temp\ccMBEas3.s 			page 18


 754      20636861 
 754      7200
 755              	.LASF27:
 756 00da 5350495F 		.ascii	"SPI_flag\000"
 756      666C6167 
 756      00
 757              	.LASF5:
 758 00e3 6C6F6E67 		.ascii	"long unsigned int\000"
 758      20756E73 
 758      69676E65 
 758      6420696E 
 758      7400
 759              	.LASF25:
 760 00f5 5472616E 		.ascii	"TransmitDummy\000"
 760      736D6974 
 760      44756D6D 
 760      7900
 761              	.LASF3:
 762 0103 73686F72 		.ascii	"short unsigned int\000"
 762      7420756E 
 762      7369676E 
 762      65642069 
 762      6E7400
 763              	.LASF28:
 764 0116 49544D5F 		.ascii	"ITM_RxBuffer\000"
 764      52784275 
 764      66666572 
 764      00
 765              	.LASF22:
 766 0123 74656D70 		.ascii	"temperatureSPIIntPart\000"
 766      65726174 
 766      75726553 
 766      5049496E 
 766      74506172 
 767              	.LASF15:
 768 0139 646F7562 		.ascii	"double\000"
 768      6C6500
 769              	.LASF26:
 770 0140 73706941 		.ascii	"spiADCValue\000"
 770      44435661 
 770      6C756500 
 771              	.LASF29:
 772 014c 67496E70 		.ascii	"gInputSum\000"
 772      75745375 
 772      6D00
 773              	.LASF12:
 774 0156 75696E74 		.ascii	"uint16\000"
 774      313600
 775              	.LASF13:
 776 015d 75696E74 		.ascii	"uint32\000"
 776      333200
 777              	.LASF36:
 778 0164 6D61696E 		.ascii	"main\000"
 778      00
 779              	.LASF8:
 780 0169 756E7369 		.ascii	"unsigned int\000"
 780      676E6564 
ARM GAS  C:\Users\z004c8dn\AppData\Local\Temp\ccMBEas3.s 			page 19


 780      20696E74 
 780      00
 781              	.LASF7:
 782 0176 6C6F6E67 		.ascii	"long long unsigned int\000"
 782      206C6F6E 
 782      6720756E 
 782      7369676E 
 782      65642069 
 783              	.LASF31:
 784 018d 6753656E 		.ascii	"gSendAverage\000"
 784      64417665 
 784      72616765 
 784      00
 785              	.LASF10:
 786 019a 696E7433 		.ascii	"int32_t\000"
 786      325F7400 
 787              	.LASF24:
 788 01a2 5472616E 		.ascii	"TransmitBuffer\000"
 788      736D6974 
 788      42756666 
 788      657200
 789              	.LASF19:
 790 01b1 73697A65 		.ascii	"sizetype\000"
 790      74797065 
 790      00
 791              	.LASF6:
 792 01ba 6C6F6E67 		.ascii	"long long int\000"
 792      206C6F6E 
 792      6720696E 
 792      7400
 793              	.LASF34:
 794 01c8 6D61696E 		.ascii	"main.c\000"
 794      2E6300
 795              	.LASF17:
 796 01cf 63686172 		.ascii	"char\000"
 796      00
 797              	.LASF21:
 798 01d4 74656D70 		.ascii	"temperatureDecimalPart\000"
 798      65726174 
 798      75726544 
 798      6563696D 
 798      616C5061 
 799              	.LASF30:
 800 01eb 67417665 		.ascii	"gAverageData\000"
 800      72616765 
 800      44617461 
 800      00
 801              	.LASF35:
 802 01f8 433A5C55 		.ascii	"C:\\UserData\\z004c8dn\\OneDrive - Siemens AG\\Doku"
 802      73657244 
 802      6174615C 
 802      7A303034 
 802      6338646E 
 803 0227 6D656E74 		.ascii	"mente\\PSoC Creator\\AndreasBothPSoC5Serial\\Andrea"
 803      655C5053 
 803      6F432043 
 803      72656174 
ARM GAS  C:\Users\z004c8dn\AppData\Local\Temp\ccMBEas3.s 			page 20


 803      6F725C41 
 804 0257 73426F74 		.ascii	"sBothPSoC5DAQ.cydsn\000"
 804      6850536F 
 804      43354441 
 804      512E6379 
 804      64736E00 
 805              	.LASF2:
 806 026b 73686F72 		.ascii	"short int\000"
 806      7420696E 
 806      7400
 807              	.LASF11:
 808 0275 75696E74 		.ascii	"uint8\000"
 808      3800
 809              	.LASF4:
 810 027b 6C6F6E67 		.ascii	"long int\000"
 810      20696E74 
 810      00
 811              	.LASF18:
 812 0284 6C6F6E67 		.ascii	"long double\000"
 812      20646F75 
 812      626C6500 
 813              	.LASF20:
 814 0290 74656D70 		.ascii	"temperatureIntPart\000"
 814      65726174 
 814      75726549 
 814      6E745061 
 814      727400
 815              	.LASF0:
 816 02a3 7369676E 		.ascii	"signed char\000"
 816      65642063 
 816      68617200 
 817              		.ident	"GCC: (GNU Tools for ARM Embedded Processors) 5.4.1 20160609 (release) [ARM/embedded-5-bran
